# JRE version: Java(TM) SE Runtime Environment (8.0_101-b13) (build 1.8.0_101-b13)
# Java VM: Java HotSpot(TM) 64-Bit Server VM (25.101-b13 mixed mode bsd-amd64 compressed oops)
Heap:
 PSYoungGen      total 1183744K, used 68146K [0x000000076ab00000, 0x00000007be500000, 0x00000007c0000000)
  eden space 1113600K, 6% used [0x000000076ab00000,0x000000076ed8c928,0x00000007aea80000)
  from space 70144K, 0% used [0x00000007aea80000,0x00000007aea80000,0x00000007b2f00000)
  to   space 76288K, 0% used [0x00000007b9a80000,0x00000007b9a80000,0x00000007be500000)
 ParOldGen       total 418816K, used 110223K [0x00000006c0000000, 0x00000006d9900000, 0x000000076ab00000)
  object space 418816K, 26% used [0x00000006c0000000,0x00000006c6ba3c10,0x00000006d9900000)
 Metaspace       used 90289K, capacity 99971K, committed 100224K, reserved 1136640K
  class space    used 10689K, capacity 13351K, committed 13440K, reserved 1048576K
GC Heap History (10 events):
Event: 19.454 GC heap before
{Heap before GC invocations=19 (full 3):
 PSYoungGen      total 954368K, used 944890K [0x000000076ab00000, 0x00000007b0780000, 0x00000007c0000000)
  eden space 900608K, 100% used [0x000000076ab00000,0x00000007a1a80000,0x00000007a1a80000)
  from space 53760K, 82% used [0x00000007a1a80000,0x00000007a45be9e8,0x00000007a4f00000)
  to   space 55808K, 0% used [0x00000007ad100000,0x00000007ad100000,0x00000007b0780000)
 ParOldGen       total 294912K, used 75408K [0x00000006c0000000, 0x00000006d2000000, 0x000000076ab00000)
  object space 294912K, 25% used [0x00000006c0000000,0x00000006c49a4270,0x00000006d2000000)
 Metaspace       used 86894K, capacity 96431K, committed 96640K, reserved 1132544K
  class space    used 10296K, capacity 12914K, committed 12928K, reserved 1048576K
Event: 19.478 GC heap after
Heap after GC invocations=19 (full 3):
 PSYoungGen      total 1083392K, used 47339K [0x000000076ab00000, 0x00000007b0980000, 0x00000007c0000000)
  eden space 1027584K, 0% used [0x000000076ab00000,0x000000076ab00000,0x00000007a9680000)
  from space 55808K, 84% used [0x00000007ad100000,0x00000007aff3aef0,0x00000007b0780000)
  to   space 58880K, 0% used [0x00000007a9680000,0x00000007a9680000,0x00000007ad000000)
 ParOldGen       total 294912K, used 75416K [0x00000006c0000000, 0x00000006d2000000, 0x000000076ab00000)
  object space 294912K, 25% used [0x00000006c0000000,0x00000006c49a6270,0x00000006d2000000)
 Metaspace       used 86894K, capacity 96431K, committed 96640K, reserved 1132544K
  class space    used 10296K, capacity 12914K, committed 12928K, reserved 1048576K
}
Event: 21.559 GC heap before
{Heap before GC invocations=20 (full 3):
 PSYoungGen      total 1083392K, used 1074923K [0x000000076ab00000, 0x00000007b0980000, 0x00000007c0000000)
  eden space 1027584K, 100% used [0x000000076ab00000,0x00000007a9680000,0x00000007a9680000)
  from space 55808K, 84% used [0x00000007ad100000,0x00000007aff3aef0,0x00000007b0780000)
  to   space 58880K, 0% used [0x00000007a9680000,0x00000007a9680000,0x00000007ad000000)
 ParOldGen       total 294912K, used 75416K [0x00000006c0000000, 0x00000006d2000000, 0x000000076ab00000)
  object space 294912K, 25% used [0x00000006c0000000,0x00000006c49a6270,0x00000006d2000000)
 Metaspace       used 86932K, capacity 96431K, committed 96640K, reserved 1132544K
  class space    used 10296K, capacity 12914K, committed 12928K, reserved 1048576K
Event: 21.589 GC heap after
Heap after GC invocations=20 (full 3):
 PSYoungGen      total 1086464K, used 58354K [0x000000076ab00000, 0x00000007b6e80000, 0x00000007c0000000)
  eden space 1027584K, 0% used [0x000000076ab00000,0x000000076ab00000,0x00000007a9680000)
  from space 58880K, 99% used [0x00000007a9680000,0x00000007acf7c958,0x00000007ad000000)
  to   space 65024K, 0% used [0x00000007b2f00000,0x00000007b2f00000,0x00000007b6e80000)
 ParOldGen       total 294912K, used 75424K [0x00000006c0000000, 0x00000006d2000000, 0x000000076ab00000)
  object space 294912K, 25% used [0x00000006c0000000,0x00000006c49a8270,0x00000006d2000000)
 Metaspace       used 86932K, capacity 96431K, committed 96640K, reserved 1132544K
  class space    used 10296K, capacity 12914K, committed 12928K, reserved 1048576K
}
Event: 22.627 GC heap before
{Heap before GC invocations=21 (full 3):
 PSYoungGen      total 1086464K, used 1085938K [0x000000076ab00000, 0x00000007b6e80000, 0x00000007c0000000)
  eden space 1027584K, 100% used [0x000000076ab00000,0x00000007a9680000,0x00000007a9680000)
  from space 58880K, 99% used [0x00000007a9680000,0x00000007acf7c958,0x00000007ad000000)
  to   space 65024K, 0% used [0x00000007b2f00000,0x00000007b2f00000,0x00000007b6e80000)
 ParOldGen       total 294912K, used 75424K [0x00000006c0000000, 0x00000006d2000000, 0x000000076ab00000)
  object space 294912K, 25% used [0x00000006c0000000,0x00000006c49a8270,0x00000006d2000000)
 Metaspace       used 86933K, capacity 96431K, committed 96640K, reserved 1132544K
  class space    used 10296K, capacity 12914K, committed 12928K, reserved 1048576K
Event: 22.655 GC heap after
Heap after GC invocations=21 (full 3):
 PSYoungGen      total 1178624K, used 58811K [0x000000076ab00000, 0x00000007b7f80000, 0x00000007c0000000)
  eden space 1113600K, 0% used [0x000000076ab00000,0x000000076ab00000,0x00000007aea80000)
  from space 65024K, 90% used [0x00000007b2f00000,0x00000007b686eed8,0x00000007b6e80000)
  to   space 70144K, 0% used [0x00000007aea80000,0x00000007aea80000,0x00000007b2f00000)
 ParOldGen       total 294912K, used 75424K [0x00000006c0000000, 0x00000006d2000000, 0x000000076ab00000)
  object space 294912K, 25% used [0x00000006c0000000,0x00000006c49a8270,0x00000006d2000000)
 Metaspace       used 86933K, capacity 96431K, committed 96640K, reserved 1132544K
  class space    used 10296K, capacity 12914K, committed 12928K, reserved 1048576K
}
Event: 24.542 GC heap before
{Heap before GC invocations=22 (full 3):
 PSYoungGen      total 1178624K, used 958251K [0x000000076ab00000, 0x00000007b7f80000, 0x00000007c0000000)
  eden space 1113600K, 80% used [0x000000076ab00000,0x00000007a195bff0,0x00000007aea80000)
  from space 65024K, 90% used [0x00000007b2f00000,0x00000007b686eed8,0x00000007b6e80000)
  to   space 70144K, 0% used [0x00000007aea80000,0x00000007aea80000,0x00000007b2f00000)
 ParOldGen       total 294912K, used 75424K [0x00000006c0000000, 0x00000006d2000000, 0x000000076ab00000)
  object space 294912K, 25% used [0x00000006c0000000,0x00000006c49a8270,0x00000006d2000000)
 Metaspace       used 88727K, capacity 98409K, committed 98560K, reserved 1134592K
  class space    used 10488K, capacity 13153K, committed 13184K, reserved 1048576K
Event: 24.576 GC heap after
Heap after GC invocations=22 (full 3):
 PSYoungGen      total 1183744K, used 63586K [0x000000076ab00000, 0x00000007be500000, 0x00000007c0000000)
  eden space 1113600K, 0% used [0x000000076ab00000,0x000000076ab00000,0x00000007aea80000)
  from space 70144K, 90% used [0x00000007aea80000,0x00000007b2898b30,0x00000007b2f00000)
  to   space 76288K, 0% used [0x00000007b9a80000,0x00000007b9a80000,0x00000007be500000)
 ParOldGen       total 294912K, used 75432K [0x00000006c0000000, 0x00000006d2000000, 0x000000076ab00000)
  object space 294912K, 25% used [0x00000006c0000000,0x00000006c49aa270,0x00000006d2000000)
 Metaspace       used 88727K, capacity 98409K, committed 98560K, reserved 1134592K
  class space    used 10488K, capacity 13153K, committed 13184K, reserved 1048576K
}
Event: 24.576 GC heap before
{Heap before GC invocations=23 (full 4):
 PSYoungGen      total 1183744K, used 63586K [0x000000076ab00000, 0x00000007be500000, 0x00000007c0000000)
  eden space 1113600K, 0% used [0x000000076ab00000,0x000000076ab00000,0x00000007aea80000)
  from space 70144K, 90% used [0x00000007aea80000,0x00000007b2898b30,0x00000007b2f00000)
  to   space 76288K, 0% used [0x00000007b9a80000,0x00000007b9a80000,0x00000007be500000)
 ParOldGen       total 294912K, used 75432K [0x00000006c0000000, 0x00000006d2000000, 0x000000076ab00000)
  object space 294912K, 25% used [0x00000006c0000000,0x00000006c49aa270,0x00000006d2000000)
 Metaspace       used 88727K, capacity 98409K, committed 98560K, reserved 1134592K
  class space    used 10488K, capacity 13153K, committed 13184K, reserved 1048576K
Event: 24.861 GC heap after
Heap after GC invocations=23 (full 4):
 PSYoungGen      total 1183744K, used 0K [0x000000076ab00000, 0x00000007be500000, 0x00000007c0000000)
  eden space 1113600K, 0% used [0x000000076ab00000,0x000000076ab00000,0x00000007aea80000)
  from space 70144K, 0% used [0x00000007aea80000,0x00000007aea80000,0x00000007b2f00000)
  to   space 76288K, 0% used [0x00000007b9a80000,0x00000007b9a80000,0x00000007be500000)
 ParOldGen       total 418816K, used 110223K [0x00000006c0000000, 0x00000006d9900000, 0x000000076ab00000)
  object space 418816K, 26% used [0x00000006c0000000,0x00000006c6ba3c10,0x00000006d9900000)
 Metaspace       used 88696K, capacity 98355K, committed 98560K, reserved 1134592K
  class space    used 10483K, capacity 13144K, committed 13184K, reserved 1048576K
}

