# JRE version: Java(TM) SE Runtime Environment (8.0_101-b13) (build 1.8.0_101-b13)
# Java VM: Java HotSpot(TM) 64-Bit Server VM (25.101-b13 mixed mode bsd-amd64 compressed oops)
Heap:
 PSYoungGen      total 590336K, used 198345K [0x000000076ab00000, 0x0000000798000000, 0x00000007c0000000)
  eden space 545280K, 28% used [0x000000076ab00000,0x00000007740ba2a0,0x000000078bf80000)
  from space 45056K, 99% used [0x000000078fe00000,0x00000007929f83b0,0x0000000792a00000)
  to   space 64000K, 0% used [0x000000078bf80000,0x000000078bf80000,0x000000078fe00000)
 ParOldGen       total 304128K, used 86655K [0x00000006c0000000, 0x00000006d2900000, 0x000000076ab00000)
  object space 304128K, 28% used [0x00000006c0000000,0x00000006c549fce0,0x00000006d2900000)
 Metaspace       used 84728K, capacity 93747K, committed 93824K, reserved 1130496K
  class space    used 10106K, capacity 12603K, committed 12672K, reserved 1048576K
GC Heap History (10 events):
Event: 4.621 GC heap before
{Heap before GC invocations=7 (full 1):
 PSYoungGen      total 272896K, used 60554K [0x000000076ab00000, 0x0000000790800000, 0x00000007c0000000)
  eden space 262144K, 23% used [0x000000076ab00000,0x000000076e6228c0,0x000000077ab00000)
  from space 10752K, 0% used [0x000000077ab00000,0x000000077ab00000,0x000000077b580000)
  to   space 47616K, 0% used [0x000000078d980000,0x000000078d980000,0x0000000790800000)
 ParOldGen       total 162816K, used 36040K [0x00000006c0000000, 0x00000006c9f00000, 0x000000076ab00000)
  object space 162816K, 22% used [0x00000006c0000000,0x00000006c2332180,0x00000006c9f00000)
 Metaspace       used 32092K, capacity 35344K, committed 35496K, reserved 1081344K
  class space    used 3644K, capacity 4527K, committed 4608K, reserved 1048576K
Event: 4.637 GC heap after
Heap after GC invocations=7 (full 1):
 PSYoungGen      total 434688K, used 15934K [0x000000076ab00000, 0x000000078e980000, 0x00000007c0000000)
  eden space 418304K, 0% used [0x000000076ab00000,0x000000076ab00000,0x0000000784380000)
  from space 16384K, 97% used [0x000000078d980000,0x000000078e90fb28,0x000000078e980000)
  to   space 46592K, 0% used [0x0000000788e80000,0x0000000788e80000,0x000000078bc00000)
 ParOldGen       total 162816K, used 36048K [0x00000006c0000000, 0x00000006c9f00000, 0x000000076ab00000)
  object space 162816K, 22% used [0x00000006c0000000,0x00000006c2334180,0x00000006c9f00000)
 Metaspace       used 32092K, capacity 35344K, committed 35496K, reserved 1081344K
  class space    used 3644K, capacity 4527K, committed 4608K, reserved 1048576K
}
Event: 4.638 GC heap before
{Heap before GC invocations=8 (full 2):
 PSYoungGen      total 434688K, used 15934K [0x000000076ab00000, 0x000000078e980000, 0x00000007c0000000)
  eden space 418304K, 0% used [0x000000076ab00000,0x000000076ab00000,0x0000000784380000)
  from space 16384K, 97% used [0x000000078d980000,0x000000078e90fb28,0x000000078e980000)
  to   space 46592K, 0% used [0x0000000788e80000,0x0000000788e80000,0x000000078bc00000)
 ParOldGen       total 162816K, used 36048K [0x00000006c0000000, 0x00000006c9f00000, 0x000000076ab00000)
  object space 162816K, 22% used [0x00000006c0000000,0x00000006c2334180,0x00000006c9f00000)
 Metaspace       used 32092K, capacity 35344K, committed 35496K, reserved 1081344K
  class space    used 3644K, capacity 4527K, committed 4608K, reserved 1048576K
Event: 4.710 GC heap after
Heap after GC invocations=8 (full 2):
 PSYoungGen      total 434688K, used 0K [0x000000076ab00000, 0x000000078e980000, 0x00000007c0000000)
  eden space 418304K, 0% used [0x000000076ab00000,0x000000076ab00000,0x0000000784380000)
  from space 16384K, 0% used [0x000000078d980000,0x000000078d980000,0x000000078e980000)
  to   space 46592K, 0% used [0x0000000788e80000,0x0000000788e80000,0x000000078bc00000)
 ParOldGen       total 222720K, used 40792K [0x00000006c0000000, 0x00000006cd980000, 0x000000076ab00000)
  object space 222720K, 18% used [0x00000006c0000000,0x00000006c27d6218,0x00000006cd980000)
 Metaspace       used 32092K, capacity 35344K, committed 35496K, reserved 1081344K
  class space    used 3644K, capacity 4527K, committed 4608K, reserved 1048576K
}
Event: 7.378 GC heap before
{Heap before GC invocations=9 (full 2):
 PSYoungGen      total 434688K, used 126353K [0x000000076ab00000, 0x000000078e980000, 0x00000007c0000000)
  eden space 418304K, 30% used [0x000000076ab00000,0x00000007726647c8,0x0000000784380000)
  from space 16384K, 0% used [0x000000078d980000,0x000000078d980000,0x000000078e980000)
  to   space 46592K, 0% used [0x0000000788e80000,0x0000000788e80000,0x000000078bc00000)
 ParOldGen       total 222720K, used 40792K [0x00000006c0000000, 0x00000006cd980000, 0x000000076ab00000)
  object space 222720K, 18% used [0x00000006c0000000,0x00000006c27d6218,0x00000006cd980000)
 Metaspace       used 53251K, capacity 59024K, committed 59136K, reserved 1099776K
  class space    used 6184K, capacity 7873K, committed 7936K, reserved 1048576K
Event: 7.399 GC heap after
Heap after GC invocations=9 (full 2):
 PSYoungGen      total 541696K, used 27407K [0x000000076ab00000, 0x0000000792a00000, 0x00000007c0000000)
  eden space 495104K, 0% used [0x000000076ab00000,0x000000076ab00000,0x0000000788e80000)
  from space 46592K, 58% used [0x0000000788e80000,0x000000078a943d98,0x000000078bc00000)
  to   space 45056K, 0% used [0x000000078fe00000,0x000000078fe00000,0x0000000792a00000)
 ParOldGen       total 222720K, used 40800K [0x00000006c0000000, 0x00000006cd980000, 0x000000076ab00000)
  object space 222720K, 18% used [0x00000006c0000000,0x00000006c27d8218,0x00000006cd980000)
 Metaspace       used 53251K, capacity 59024K, committed 59136K, reserved 1099776K
  class space    used 6184K, capacity 7873K, committed 7936K, reserved 1048576K
}
Event: 7.399 GC heap before
{Heap before GC invocations=10 (full 3):
 PSYoungGen      total 541696K, used 27407K [0x000000076ab00000, 0x0000000792a00000, 0x00000007c0000000)
  eden space 495104K, 0% used [0x000000076ab00000,0x000000076ab00000,0x0000000788e80000)
  from space 46592K, 58% used [0x0000000788e80000,0x000000078a943d98,0x000000078bc00000)
  to   space 45056K, 0% used [0x000000078fe00000,0x000000078fe00000,0x0000000792a00000)
 ParOldGen       total 222720K, used 40800K [0x00000006c0000000, 0x00000006cd980000, 0x000000076ab00000)
  object space 222720K, 18% used [0x00000006c0000000,0x00000006c27d8218,0x00000006cd980000)
 Metaspace       used 53251K, capacity 59024K, committed 59136K, reserved 1099776K
  class space    used 6184K, capacity 7873K, committed 7936K, reserved 1048576K
Event: 7.713 GC heap after
Heap after GC invocations=10 (full 3):
 PSYoungGen      total 541696K, used 0K [0x000000076ab00000, 0x0000000792a00000, 0x00000007c0000000)
  eden space 495104K, 0% used [0x000000076ab00000,0x000000076ab00000,0x0000000788e80000)
  from space 46592K, 0% used [0x0000000788e80000,0x0000000788e80000,0x000000078bc00000)
  to   space 45056K, 0% used [0x000000078fe00000,0x000000078fe00000,0x0000000792a00000)
 ParOldGen       total 304128K, used 57773K [0x00000006c0000000, 0x00000006d2900000, 0x000000076ab00000)
  object space 304128K, 18% used [0x00000006c0000000,0x00000006c386b570,0x00000006d2900000)
 Metaspace       used 53251K, capacity 59024K, committed 59136K, reserved 1099776K
  class space    used 6184K, capacity 7873K, committed 7936K, reserved 1048576K
}
Event: 10.647 GC heap before
{Heap before GC invocations=11 (full 3):
 PSYoungGen      total 541696K, used 495104K [0x000000076ab00000, 0x0000000792a00000, 0x00000007c0000000)
  eden space 495104K, 100% used [0x000000076ab00000,0x0000000788e80000,0x0000000788e80000)
  from space 46592K, 0% used [0x0000000788e80000,0x0000000788e80000,0x000000078bc00000)
  to   space 45056K, 0% used [0x000000078fe00000,0x000000078fe00000,0x0000000792a00000)
 ParOldGen       total 304128K, used 57773K [0x00000006c0000000, 0x00000006d2900000, 0x000000076ab00000)
  object space 304128K, 18% used [0x00000006c0000000,0x00000006c386b570,0x00000006d2900000)
 Metaspace       used 80443K, capacity 89651K, committed 89728K, reserved 1126400K
  class space    used 9578K, capacity 12135K, committed 12160K, reserved 1048576K
Event: 10.687 GC heap after
Heap after GC invocations=11 (full 3):
 PSYoungGen      total 590336K, used 45024K [0x000000076ab00000, 0x0000000798000000, 0x00000007c0000000)
  eden space 545280K, 0% used [0x000000076ab00000,0x000000076ab00000,0x000000078bf80000)
  from space 45056K, 99% used [0x000000078fe00000,0x00000007929f83b0,0x0000000792a00000)
  to   space 64000K, 0% used [0x000000078bf80000,0x000000078bf80000,0x000000078fe00000)
 ParOldGen       total 304128K, used 86655K [0x00000006c0000000, 0x00000006d2900000, 0x000000076ab00000)
  object space 304128K, 28% used [0x00000006c0000000,0x00000006c549fce0,0x00000006d2900000)
 Metaspace       used 80443K, capacity 89651K, committed 89728K, reserved 1126400K
  class space    used 9578K, capacity 12135K, committed 12160K, reserved 1048576K
}

