# JRE version: Java(TM) SE Runtime Environment (8.0_101-b13) (build 1.8.0_101-b13)
# Java VM: Java HotSpot(TM) 64-Bit Server VM (25.101-b13 mixed mode bsd-amd64 compressed oops)
Heap:
 PSYoungGen      total 627200K, used 244856K [0x000000076ab00000, 0x0000000798a80000, 0x00000007c0000000)
  eden space 582144K, 34% used [0x000000076ab00000,0x0000000776e1fdc0,0x000000078e380000)
  from space 45056K, 99% used [0x0000000792080000,0x0000000794c7e3b8,0x0000000794c80000)
  to   space 62464K, 0% used [0x000000078e380000,0x000000078e380000,0x0000000792080000)
 ParOldGen       total 288256K, used 82556K [0x00000006c0000000, 0x00000006d1980000, 0x000000076ab00000)
  object space 288256K, 28% used [0x00000006c0000000,0x00000006c509f3b8,0x00000006d1980000)
 Metaspace       used 84813K, capacity 93749K, committed 93856K, reserved 1130496K
  class space    used 10112K, capacity 12605K, committed 12672K, reserved 1048576K
GC Heap History (10 events):
Event: 5.224 GC heap before
{Heap before GC invocations=7 (full 1):
 PSYoungGen      total 272896K, used 54018K [0x000000076ab00000, 0x0000000790800000, 0x00000007c0000000)
  eden space 262144K, 20% used [0x000000076ab00000,0x000000076dfc0b38,0x000000077ab00000)
  from space 10752K, 0% used [0x000000077ab00000,0x000000077ab00000,0x000000077b580000)
  to   space 47616K, 0% used [0x000000078d980000,0x000000078d980000,0x0000000790800000)
 ParOldGen       total 161280K, used 35982K [0x00000006c0000000, 0x00000006c9d80000, 0x000000076ab00000)
  object space 161280K, 22% used [0x00000006c0000000,0x00000006c2323af0,0x00000006c9d80000)
 Metaspace       used 32101K, capacity 35344K, committed 35496K, reserved 1081344K
  class space    used 3644K, capacity 4527K, committed 4608K, reserved 1048576K
Event: 5.238 GC heap after
Heap after GC invocations=7 (full 1):
 PSYoungGen      total 441344K, used 15991K [0x000000076ab00000, 0x000000078e980000, 0x00000007c0000000)
  eden space 424960K, 0% used [0x000000076ab00000,0x000000076ab00000,0x0000000784a00000)
  from space 16384K, 97% used [0x000000078d980000,0x000000078e91dc48,0x000000078e980000)
  to   space 47104K, 0% used [0x0000000788d80000,0x0000000788d80000,0x000000078bb80000)
 ParOldGen       total 161280K, used 35990K [0x00000006c0000000, 0x00000006c9d80000, 0x000000076ab00000)
  object space 161280K, 22% used [0x00000006c0000000,0x00000006c2325af0,0x00000006c9d80000)
 Metaspace       used 32101K, capacity 35344K, committed 35496K, reserved 1081344K
  class space    used 3644K, capacity 4527K, committed 4608K, reserved 1048576K
}
Event: 5.238 GC heap before
{Heap before GC invocations=8 (full 2):
 PSYoungGen      total 441344K, used 15991K [0x000000076ab00000, 0x000000078e980000, 0x00000007c0000000)
  eden space 424960K, 0% used [0x000000076ab00000,0x000000076ab00000,0x0000000784a00000)
  from space 16384K, 97% used [0x000000078d980000,0x000000078e91dc48,0x000000078e980000)
  to   space 47104K, 0% used [0x0000000788d80000,0x0000000788d80000,0x000000078bb80000)
 ParOldGen       total 161280K, used 35990K [0x00000006c0000000, 0x00000006c9d80000, 0x000000076ab00000)
  object space 161280K, 22% used [0x00000006c0000000,0x00000006c2325af0,0x00000006c9d80000)
 Metaspace       used 32101K, capacity 35344K, committed 35496K, reserved 1081344K
  class space    used 3644K, capacity 4527K, committed 4608K, reserved 1048576K
Event: 5.305 GC heap after
Heap after GC invocations=8 (full 2):
 PSYoungGen      total 441344K, used 0K [0x000000076ab00000, 0x000000078e980000, 0x00000007c0000000)
  eden space 424960K, 0% used [0x000000076ab00000,0x000000076ab00000,0x0000000784a00000)
  from space 16384K, 0% used [0x000000078d980000,0x000000078d980000,0x000000078e980000)
  to   space 47104K, 0% used [0x0000000788d80000,0x0000000788d80000,0x000000078bb80000)
 ParOldGen       total 214528K, used 40798K [0x00000006c0000000, 0x00000006cd180000, 0x000000076ab00000)
  object space 214528K, 19% used [0x00000006c0000000,0x00000006c27d7a28,0x00000006cd180000)
 Metaspace       used 32101K, capacity 35344K, committed 35496K, reserved 1081344K
  class space    used 3644K, capacity 4527K, committed 4608K, reserved 1048576K
}
Event: 8.461 GC heap before
{Heap before GC invocations=9 (full 2):
 PSYoungGen      total 441344K, used 130997K [0x000000076ab00000, 0x000000078e980000, 0x00000007c0000000)
  eden space 424960K, 30% used [0x000000076ab00000,0x0000000772aed5b8,0x0000000784a00000)
  from space 16384K, 0% used [0x000000078d980000,0x000000078d980000,0x000000078e980000)
  to   space 47104K, 0% used [0x0000000788d80000,0x0000000788d80000,0x000000078bb80000)
 ParOldGen       total 214528K, used 40798K [0x00000006c0000000, 0x00000006cd180000, 0x000000076ab00000)
  object space 214528K, 19% used [0x00000006c0000000,0x00000006c27d7a28,0x00000006cd180000)
 Metaspace       used 53252K, capacity 59024K, committed 59136K, reserved 1099776K
  class space    used 6186K, capacity 7873K, committed 7936K, reserved 1048576K
Event: 8.494 GC heap after
Heap after GC invocations=9 (full 2):
 PSYoungGen      total 541184K, used 27385K [0x000000076ab00000, 0x0000000794c80000, 0x00000007c0000000)
  eden space 494080K, 0% used [0x000000076ab00000,0x000000076ab00000,0x0000000788d80000)
  from space 47104K, 58% used [0x0000000788d80000,0x000000078a83e468,0x000000078bb80000)
  to   space 45056K, 0% used [0x0000000792080000,0x0000000792080000,0x0000000794c80000)
 ParOldGen       total 214528K, used 40806K [0x00000006c0000000, 0x00000006cd180000, 0x000000076ab00000)
  object space 214528K, 19% used [0x00000006c0000000,0x00000006c27d9a28,0x00000006cd180000)
 Metaspace       used 53252K, capacity 59024K, committed 59136K, reserved 1099776K
  class space    used 6186K, capacity 7873K, committed 7936K, reserved 1048576K
}
Event: 8.494 GC heap before
{Heap before GC invocations=10 (full 3):
 PSYoungGen      total 541184K, used 27385K [0x000000076ab00000, 0x0000000794c80000, 0x00000007c0000000)
  eden space 494080K, 0% used [0x000000076ab00000,0x000000076ab00000,0x0000000788d80000)
  from space 47104K, 58% used [0x0000000788d80000,0x000000078a83e468,0x000000078bb80000)
  to   space 45056K, 0% used [0x0000000792080000,0x0000000792080000,0x0000000794c80000)
 ParOldGen       total 214528K, used 40806K [0x00000006c0000000, 0x00000006cd180000, 0x000000076ab00000)
  object space 214528K, 19% used [0x00000006c0000000,0x00000006c27d9a28,0x00000006cd180000)
 Metaspace       used 53252K, capacity 59024K, committed 59136K, reserved 1099776K
  class space    used 6186K, capacity 7873K, committed 7936K, reserved 1048576K
Event: 8.850 GC heap after
Heap after GC invocations=10 (full 3):
 PSYoungGen      total 541184K, used 0K [0x000000076ab00000, 0x0000000794c80000, 0x00000007c0000000)
  eden space 494080K, 0% used [0x000000076ab00000,0x000000076ab00000,0x0000000788d80000)
  from space 47104K, 0% used [0x0000000788d80000,0x0000000788d80000,0x000000078bb80000)
  to   space 45056K, 0% used [0x0000000792080000,0x0000000792080000,0x0000000794c80000)
 ParOldGen       total 288256K, used 57795K [0x00000006c0000000, 0x00000006d1980000, 0x000000076ab00000)
  object space 288256K, 20% used [0x00000006c0000000,0x00000006c3870fb0,0x00000006d1980000)
 Metaspace       used 53252K, capacity 59024K, committed 59136K, reserved 1099776K
  class space    used 6186K, capacity 7873K, committed 7936K, reserved 1048576K
}
Event: 13.012 GC heap before
{Heap before GC invocations=11 (full 3):
 PSYoungGen      total 541184K, used 494080K [0x000000076ab00000, 0x0000000794c80000, 0x00000007c0000000)
  eden space 494080K, 100% used [0x000000076ab00000,0x0000000788d80000,0x0000000788d80000)
  from space 47104K, 0% used [0x0000000788d80000,0x0000000788d80000,0x000000078bb80000)
  to   space 45056K, 0% used [0x0000000792080000,0x0000000792080000,0x0000000794c80000)
 ParOldGen       total 288256K, used 57795K [0x00000006c0000000, 0x00000006d1980000, 0x000000076ab00000)
  object space 288256K, 20% used [0x00000006c0000000,0x00000006c3870fb0,0x00000006d1980000)
 Metaspace       used 80601K, capacity 89653K, committed 89760K, reserved 1126400K
  class space    used 9591K, capacity 12137K, committed 12160K, reserved 1048576K
Event: 13.057 GC heap after
Heap after GC invocations=11 (full 3):
 PSYoungGen      total 627200K, used 45048K [0x000000076ab00000, 0x0000000798a80000, 0x00000007c0000000)
  eden space 582144K, 0% used [0x000000076ab00000,0x000000076ab00000,0x000000078e380000)
  from space 45056K, 99% used [0x0000000792080000,0x0000000794c7e3b8,0x0000000794c80000)
  to   space 62464K, 0% used [0x000000078e380000,0x000000078e380000,0x0000000792080000)
 ParOldGen       total 288256K, used 82556K [0x00000006c0000000, 0x00000006d1980000, 0x000000076ab00000)
  object space 288256K, 28% used [0x00000006c0000000,0x00000006c509f3b8,0x00000006d1980000)
 Metaspace       used 80601K, capacity 89653K, committed 89760K, reserved 1126400K
  class space    used 9591K, capacity 12137K, committed 12160K, reserved 1048576K
}

